<html>
<body>
<pre>
<h1>µVision Build Log</h1>
<h2>Tool Versions:</h2>
IDE-Version: ¦ÌVision V5.41.0.0
Copyright (C) 2024 ARM Ltd and ARM Germany GmbH. All rights reserved.
License Information: chenzhicczu chenzhicczu@163.com, chenzhicczu, LIC=QF82M-XFVUM-NNAAF-6HPY6-SF482-8NILG
 
Tool Versions:
Toolchain:       MDK-ARM Plus  Version: 5.41.0.0
Toolchain Path:  D:\MDK\ARM\ARMCC\Bin
C Compiler:      Armcc.exe V5.06 update 6 (build 750)
Assembler:       Armasm.exe V5.06 update 6 (build 750)
Linker/Locator:  ArmLink.exe V5.06 update 6 (build 750)
Library Manager: ArmAr.exe V5.06 update 6 (build 750)
Hex Converter:   FromElf.exe V5.06 update 6 (build 750)
CPU DLL:         SARMCM3.DLL V5.41.0.0
Dialog DLL:      DCM.DLL V1.17.5.0
Target DLL:      STLink\ST-LINKIII-KEIL_SWO.dll V3.3.0.0
Dialog DLL:      TCM.DLL V1.56.4.0
 
<h2>Project:</h2>
C:\Users\chenz\Desktop\MPU\Project\standard.uvprojx
Project File Date:  03/06/2025

<h2>Output:</h2>
*** Using Compiler 'V5.06 update 6 (build 750)', folder: 'D:\MDK\ARM\ARMCC\Bin'
Build target 'standard'
compiling ComplexMathFunctions.c...
D:\MDK\pack\ARM\CMSIS\6.1.0\CMSIS\Core\Include\cmsis_compiler.h(287): error:  #35: #error directive: Unknown compiler.
    #error Unknown compiler.
D:/MDK/pack/ARM/CMSIS-DSP/1.16.2/Source/ComplexMathFunctions/ComplexMathFunctions.c: 0 warnings, 1 error
compiling DistanceFunctions.c...
D:\MDK\pack\ARM\CMSIS\6.1.0\CMSIS\Core\Include\cmsis_compiler.h(287): error:  #35: #error directive: Unknown compiler.
    #error Unknown compiler.
D:/MDK/pack/ARM/CMSIS-DSP/1.16.2/Source/DistanceFunctions/DistanceFunctions.c: 0 warnings, 1 error
compiling BasicMathFunctionsF16.c...
D:\MDK\pack\ARM\CMSIS\6.1.0\CMSIS\Core\Include\cmsis_compiler.h(287): error:  #35: #error directive: Unknown compiler.
    #error Unknown compiler.
D:/MDK/pack/ARM/CMSIS-DSP/1.16.2/Source/BasicMathFunctions/BasicMathFunctionsF16.c: 0 warnings, 1 error
compiling ControllerFunctions.c...
D:\MDK\pack\ARM\CMSIS\6.1.0\CMSIS\Core\Include\cmsis_compiler.h(287): error:  #35: #error directive: Unknown compiler.
    #error Unknown compiler.
D:/MDK/pack/ARM/CMSIS-DSP/1.16.2/Source/ControllerFunctions/ControllerFunctions.c: 0 warnings, 1 error
compiling FastMathFunctionsF16.c...
D:\MDK\pack\ARM\CMSIS\6.1.0\CMSIS\Core\Include\cmsis_compiler.h(287): error:  #35: #error directive: Unknown compiler.
    #error Unknown compiler.
D:/MDK/pack/ARM/CMSIS-DSP/1.16.2/Source/FastMathFunctions/FastMathFunctionsF16.c: 0 warnings, 1 error
compiling BayesFunctions.c...
D:\MDK\pack\ARM\CMSIS\6.1.0\CMSIS\Core\Include\cmsis_compiler.h(287): error:  #35: #error directive: Unknown compiler.
    #error Unknown compiler.
D:/MDK/pack/ARM/CMSIS-DSP/1.16.2/Source/BayesFunctions/BayesFunctions.c: 0 warnings, 1 error
compiling BayesFunctionsF16.c...
D:\MDK\pack\ARM\CMSIS\6.1.0\CMSIS\Core\Include\cmsis_compiler.h(287): error:  #35: #error directive: Unknown compiler.
    #error Unknown compiler.
D:/MDK/pack/ARM/CMSIS-DSP/1.16.2/Source/BayesFunctions/BayesFunctionsF16.c: 0 warnings, 1 error
compiling CommonTables.c...
D:\MDK\pack\ARM\CMSIS\6.1.0\CMSIS\Core\Include\cmsis_compiler.h(287): error:  #35: #error directive: Unknown compiler.
    #error Unknown compiler.
D:/MDK/pack/ARM/CMSIS-DSP/1.16.2/Source/CommonTables/CommonTables.c: 0 warnings, 1 error
compiling FastMathFunctions.c...
D:\MDK\pack\ARM\CMSIS\6.1.0\CMSIS\Core\Include\cmsis_compiler.h(287): error:  #35: #error directive: Unknown compiler.
    #error Unknown compiler.
D:/MDK/pack/ARM/CMSIS-DSP/1.16.2/Source/FastMathFunctions/FastMathFunctions.c: 0 warnings, 1 error
compiling ComplexMathFunctionsF16.c...
D:\MDK\pack\ARM\CMSIS\6.1.0\CMSIS\Core\Include\cmsis_compiler.h(287): error:  #35: #error directive: Unknown compiler.
    #error Unknown compiler.
D:/MDK/pack/ARM/CMSIS-DSP/1.16.2/Source/ComplexMathFunctions/ComplexMathFunctionsF16.c: 0 warnings, 1 error
compiling DistanceFunctionsF16.c...
D:\MDK\pack\ARM\CMSIS\6.1.0\CMSIS\Core\Include\cmsis_compiler.h(287): error:  #35: #error directive: Unknown compiler.
    #error Unknown compiler.
D:/MDK/pack/ARM/CMSIS-DSP/1.16.2/Source/DistanceFunctions/DistanceFunctionsF16.c: 0 warnings, 1 error
compiling BasicMathFunctions.c...
D:\MDK\pack\ARM\CMSIS\6.1.0\CMSIS\Core\Include\cmsis_compiler.h(287): error:  #35: #error directive: Unknown compiler.
    #error Unknown compiler.
D:/MDK/pack/ARM/CMSIS-DSP/1.16.2/Source/BasicMathFunctions/BasicMathFunctions.c: 0 warnings, 1 error
compiling CommonTablesF16.c...
D:\MDK\pack\ARM\CMSIS\6.1.0\CMSIS\Core\Include\cmsis_compiler.h(287): error:  #35: #error directive: Unknown compiler.
    #error Unknown compiler.
D:/MDK/pack/ARM/CMSIS-DSP/1.16.2/Source/CommonTables/CommonTablesF16.c: 0 warnings, 1 error
compiling FilteringFunctionsF16.c...
D:\MDK\pack\ARM\CMSIS\6.1.0\CMSIS\Core\Include\cmsis_compiler.h(287): error:  #35: #error directive: Unknown compiler.
    #error Unknown compiler.
D:/MDK/pack/ARM/CMSIS-DSP/1.16.2/Source/FilteringFunctions/FilteringFunctionsF16.c: 0 warnings, 1 error
compiling FilteringFunctions.c...
D:\MDK\pack\ARM\CMSIS\6.1.0\CMSIS\Core\Include\cmsis_compiler.h(287): error:  #35: #error directive: Unknown compiler.
    #error Unknown compiler.
D:/MDK/pack/ARM/CMSIS-DSP/1.16.2/Source/FilteringFunctions/FilteringFunctions.c: 0 warnings, 1 error
compiling SVMFunctionsF16.c...
D:\MDK\pack\ARM\CMSIS\6.1.0\CMSIS\Core\Include\cmsis_compiler.h(287): error:  #35: #error directive: Unknown compiler.
    #error Unknown compiler.
D:/MDK/pack/ARM/CMSIS-DSP/1.16.2/Source/SVMFunctions/SVMFunctionsF16.c: 0 warnings, 1 error
compiling MatrixFunctionsF16.c...
D:\MDK\pack\ARM\CMSIS\6.1.0\CMSIS\Core\Include\cmsis_compiler.h(287): error:  #35: #error directive: Unknown compiler.
    #error Unknown compiler.
D:/MDK/pack/ARM/CMSIS-DSP/1.16.2/Source/MatrixFunctions/MatrixFunctionsF16.c: 0 warnings, 1 error
compiling StatisticsFunctions.c...
D:\MDK\pack\ARM\CMSIS\6.1.0\CMSIS\Core\Include\cmsis_compiler.h(287): error:  #35: #error directive: Unknown compiler.
    #error Unknown compiler.
D:/MDK/pack/ARM/CMSIS-DSP/1.16.2/Source/StatisticsFunctions/StatisticsFunctions.c: 0 warnings, 1 error
compiling SupportFunctionsF16.c...
D:\MDK\pack\ARM\CMSIS\6.1.0\CMSIS\Core\Include\cmsis_compiler.h(287): error:  #35: #error directive: Unknown compiler.
    #error Unknown compiler.
D:/MDK/pack/ARM/CMSIS-DSP/1.16.2/Source/SupportFunctions/SupportFunctionsF16.c: 0 warnings, 1 error
compiling QuaternionMathFunctions.c...
D:\MDK\pack\ARM\CMSIS\6.1.0\CMSIS\Core\Include\cmsis_compiler.h(287): error:  #35: #error directive: Unknown compiler.
    #error Unknown compiler.
D:/MDK/pack/ARM/CMSIS-DSP/1.16.2/Source/QuaternionMathFunctions/QuaternionMathFunctions.c: 0 warnings, 1 error
compiling InterpolationFunctions.c...
D:\MDK\pack\ARM\CMSIS\6.1.0\CMSIS\Core\Include\cmsis_compiler.h(287): error:  #35: #error directive: Unknown compiler.
    #error Unknown compiler.
D:/MDK/pack/ARM/CMSIS-DSP/1.16.2/Source/InterpolationFunctions/InterpolationFunctions.c: 0 warnings, 1 error
compiling SVMFunctions.c...
D:\MDK\pack\ARM\CMSIS\6.1.0\CMSIS\Core\Include\cmsis_compiler.h(287): error:  #35: #error directive: Unknown compiler.
    #error Unknown compiler.
D:/MDK/pack/ARM/CMSIS-DSP/1.16.2/Source/SVMFunctions/SVMFunctions.c: 0 warnings, 1 error
compiling SupportFunctions.c...
D:\MDK\pack\ARM\CMSIS\6.1.0\CMSIS\Core\Include\cmsis_compiler.h(287): error:  #35: #error directive: Unknown compiler.
    #error Unknown compiler.
D:/MDK/pack/ARM/CMSIS-DSP/1.16.2/Source/SupportFunctions/SupportFunctions.c: 0 warnings, 1 error
compiling MatrixFunctions.c...
D:\MDK\pack\ARM\CMSIS\6.1.0\CMSIS\Core\Include\cmsis_compiler.h(287): error:  #35: #error directive: Unknown compiler.
    #error Unknown compiler.
D:/MDK/pack/ARM/CMSIS-DSP/1.16.2/Source/MatrixFunctions/MatrixFunctions.c: 0 warnings, 1 error
compiling StatisticsFunctionsF16.c...
D:\MDK\pack\ARM\CMSIS\6.1.0\CMSIS\Core\Include\cmsis_compiler.h(287): error:  #35: #error directive: Unknown compiler.
    #error Unknown compiler.
D:/MDK/pack/ARM/CMSIS-DSP/1.16.2/Source/StatisticsFunctions/StatisticsFunctionsF16.c: 0 warnings, 1 error
compiling InterpolationFunctionsF16.c...
D:\MDK\pack\ARM\CMSIS\6.1.0\CMSIS\Core\Include\cmsis_compiler.h(287): error:  #35: #error directive: Unknown compiler.
    #error Unknown compiler.
D:/MDK/pack/ARM/CMSIS-DSP/1.16.2/Source/InterpolationFunctions/InterpolationFunctionsF16.c: 0 warnings, 1 error
compiling TransformFunctions.c...
D:\MDK\pack\ARM\CMSIS\6.1.0\CMSIS\Core\Include\cmsis_compiler.h(287): error:  #35: #error directive: Unknown compiler.
    #error Unknown compiler.
D:/MDK/pack/ARM/CMSIS-DSP/1.16.2/Source/TransformFunctions/TransformFunctions.c: 0 warnings, 1 error
compiling WindowFunctions.c...
D:\MDK\pack\ARM\CMSIS\6.1.0\CMSIS\Core\Include\cmsis_compiler.h(287): error:  #35: #error directive: Unknown compiler.
    #error Unknown compiler.
D:/MDK/pack/ARM/CMSIS-DSP/1.16.2/Source/WindowFunctions/WindowFunctions.c: 0 warnings, 1 error
compiling TransformFunctionsF16.c...
D:\MDK\pack\ARM\CMSIS\6.1.0\CMSIS\Core\Include\cmsis_compiler.h(287): error:  #35: #error directive: Unknown compiler.
    #error Unknown compiler.
D:/MDK/pack/ARM/CMSIS-DSP/1.16.2/Source/TransformFunctions/TransformFunctionsF16.c: 0 warnings, 1 error
".\Objects\standard.axf" - 29 Error(s), 0 Warning(s).

<h2>Software Packages used:</h2>

Package Vendor: ARM
                https://www.keil.com/pack/ARM.CMSIS.6.1.0.pack
                ARM::CMSIS@6.1.0
                CMSIS (Common Microcontroller Software Interface Standard)
   * Component: CORE Version: 6.1.0

Package Vendor: ARM
                https://www.keil.com/pack/ARM.CMSIS-DSP.1.16.2.pack
                ARM::CMSIS-DSP@1.16.2
                CMSIS Embedded Compute Library
   * Component: DSP Variant: Source Version: 1.16.2

Package Vendor: Keil
                http://www.keil.com/pack/Keil.STM32F4xx_DFP.2.15.0.pack
                Keil::STM32F4xx_DFP@2.15.0
                STMicroelectronics STM32F4 Series Device Support, Drivers and Examples

<h2>Collection of Component include folders:</h2>
  ./RTE/_standard
  D:/MDK/pack/ARM/CMSIS-DSP/1.16.2/Include
  D:/MDK/pack/ARM/CMSIS-DSP/1.16.2/PrivateInclude
  D:/MDK/pack/ARM/CMSIS/6.1.0/CMSIS/Core/Include
  D:/MDK/pack/Keil/STM32F4xx_DFP/2.15.0/Drivers/CMSIS/Device/ST/STM32F4xx/Include

<h2>Collection of Component Files used:</h2>

   * Component: ARM::CMSIS:CORE@6.1.0

   * Component: ARM::CMSIS:DSP&Source@1.16.2
      Include file:  Include/arm_math.h
      Include file:  Include/arm_common_tables.h
      Include file:  Include/arm_const_structs_f16.h
      Source file:   Source/BayesFunctions/BayesFunctions.c
      Source file:   Source/DistanceFunctions/DistanceFunctions.c
      Source file:   Source/FastMathFunctions/FastMathFunctions.c
      Source file:   Source/QuaternionMathFunctions/QuaternionMathFunctions.c
      Source file:   Source/StatisticsFunctions/StatisticsFunctions.c
      Source file:   Source/SupportFunctions/SupportFunctions.c
      Include file:  Include/arm_common_tables_f16.h
      Source file:   Source/CommonTables/CommonTables.c
      Source file:   Source/SVMFunctions/SVMFunctions.c
      Source file:   Source/TransformFunctions/TransformFunctions.c
      Source file:   Source/MatrixFunctions/MatrixFunctions.c
      Source file:   Source/InterpolationFunctions/InterpolationFunctions.c
      Source file:   Source/WindowFunctions/WindowFunctions.c
      Source file:   Source/FilteringFunctions/FilteringFunctions.c
      Include file:  Include/arm_math_f16.h
      Include file:  Include/arm_const_structs.h
      Source file:   Source/BasicMathFunctions/BasicMathFunctions.c
      Source file:   Source/ComplexMathFunctions/ComplexMathFunctions.c
      Source file:   Source/ControllerFunctions/ControllerFunctions.c
      Source file:   Source/MatrixFunctions/MatrixFunctionsF16.c
      Source file:   Source/SVMFunctions/SVMFunctionsF16.c
      Source file:   Source/InterpolationFunctions/InterpolationFunctionsF16.c
      Source file:   Source/DistanceFunctions/DistanceFunctionsF16.c
      Source file:   Source/ComplexMathFunctions/ComplexMathFunctionsF16.c
      Source file:   Source/TransformFunctions/TransformFunctionsF16.c
      Source file:   Source/FastMathFunctions/FastMathFunctionsF16.c
      Source file:   Source/StatisticsFunctions/StatisticsFunctionsF16.c
      Source file:   Source/FilteringFunctions/FilteringFunctionsF16.c
      Source file:   Source/SupportFunctions/SupportFunctionsF16.c
      Source file:   Source/BayesFunctions/BayesFunctionsF16.c
      Source file:   Source/BasicMathFunctions/BasicMathFunctionsF16.c
      Source file:   Source/CommonTables/CommonTablesF16.c
Target not created.
Build Time Elapsed:  00:00:02
</pre>
</body>
</html>
